<?xml version="1.0" encoding="UTF-8"?>
<testng-results skipped="0" failed="0" total="2" passed="2">
  <reporter-output>
  </reporter-output>
  <suite name="demo1" duration-ms="83001" started-at="2015-08-13T11:57:18Z" finished-at="2015-08-13T11:58:41Z">
    <groups>
    </groups>
    <test name="chrome" duration-ms="63285" started-at="2015-08-13T11:57:18Z" finished-at="2015-08-13T11:58:21Z">
      <class name="com.shivaprathap.Pgm">
        <test-method status="PASS" signature="shivaa()[pri:0, instance:com.shivaprathap.Pgm@5de82a]" name="shivaa" duration-ms="63242" started-at="2015-08-13T17:27:18Z" finished-at="2015-08-13T17:28:21Z">
          <reporter-output>
          </reporter-output>
        </test-method> <!-- shivaa -->
      </class> <!-- com.shivaprathap.Pgm -->
    </test> <!-- chrome -->
    <test name="firefox" duration-ms="83001" started-at="2015-08-13T11:57:18Z" finished-at="2015-08-13T11:58:41Z">
      <class name="com.shivaprathap.Pgm">
        <test-method status="PASS" signature="shivaa()[pri:0, instance:com.shivaprathap.Pgm@11cfa21]" name="shivaa" duration-ms="82947" started-at="2015-08-13T17:27:18Z" finished-at="2015-08-13T17:28:41Z">
          <reporter-output>
          </reporter-output>
        </test-method> <!-- shivaa -->
      </class> <!-- com.shivaprathap.Pgm -->
    </test> <!-- firefox -->
  </suite> <!-- demo1 -->
</testng-results>
